<?xml version="1.0" encoding="UTF-8"?>
<!-- Generated by org.testng.reporters.JUnitXMLReporter -->
<testsuite ignored="0" hostname="Rahul" failures="0" tests="3" name="ChromeDockerTest" time="22.447" errors="0" timestamp="2024-03-06T20:17:20 IST">
  <testcase classname="Tests.LoginPageTests" name="invalidCredentials" time="2.044"/>
  <testcase classname="Tests.LoginPageTests" name="blankUsername" time="1.042"/>
  <testcase classname="Tests.LoginPageTests" name="successfulLogin" time="2.456"/>
</testsuite> <!-- ChromeDockerTest -->
