<?xml version="1.0" encoding="UTF-8"?>
<!-- Generated by org.testng.reporters.JUnitXMLReporter -->
<testsuite ignored="0" hostname="Rahul" failures="0" tests="3" name="EdgeDockerTest" time="42.456" errors="0" timestamp="2024-03-23T14:36:37 IST">
  <testcase classname="Tests.LoginPageTests" name="invalidCredentials" time="2.183"/>
  <testcase classname="Tests.LoginPageTests" name="blankUsername" time="0.849"/>
  <testcase classname="Tests.LoginPageTests" name="successfulLogin" time="2.905"/>
</testsuite> <!-- EdgeDockerTest -->
