<?xml version="1.0" encoding="UTF-8"?>
<!-- Generated by org.testng.reporters.JUnitXMLReporter -->
<testsuite ignored="0" hostname="Rahul" failures="0" tests="3" name="EdgeDockerTest" time="42.021" errors="0" timestamp="2024-03-06T20:17:39 IST">
  <testcase classname="Tests.LoginPageTests" name="invalidCredentials" time="2.776"/>
  <testcase classname="Tests.LoginPageTests" name="blankUsername" time="1.127"/>
  <testcase classname="Tests.LoginPageTests" name="successfulLogin" time="2.613"/>
</testsuite> <!-- EdgeDockerTest -->
