<?xml version="1.0" encoding="UTF-8"?>
<!-- Generated by org.testng.reporters.JUnitXMLReporter -->
<testsuite ignored="0" hostname="Rahul" failures="0" tests="3" name="firefoxDockerTest" time="35.111" errors="0" timestamp="2024-03-23T14:36:30 IST">
  <testcase classname="Tests.LoginPageTests" name="invalidCredentials" time="2.248"/>
  <testcase classname="Tests.LoginPageTests" name="blankUsername" time="0.726"/>
  <testcase classname="Tests.LoginPageTests" name="successfulLogin" time="2.093"/>
</testsuite> <!-- firefoxDockerTest -->
