<?xml version="1.0" encoding="UTF-8"?>
<!-- Generated by org.testng.reporters.JUnitXMLReporter -->
<testsuite ignored="0" hostname="Rahul" failures="0" tests="3" name="firefoxDockerTest" time="37.053" errors="0" timestamp="2024-03-06T20:17:34 IST">
  <testcase classname="Tests.LoginPageTests" name="invalidCredentials" time="2.714"/>
  <testcase classname="Tests.LoginPageTests" name="blankUsername" time="1.0"/>
  <testcase classname="Tests.LoginPageTests" name="successfulLogin" time="3.415"/>
</testsuite> <!-- firefoxDockerTest -->
