<?xml version="1.0" encoding="UTF-8"?>
<testng-results ignored="0" total="9" passed="9" failed="0" skipped="0">
  <reporter-output>
  </reporter-output>
  <suite started-at="2024-03-23T14:35:55 IST" name="DockerLoginTest" finished-at="2024-03-23T14:36:37 IST" duration-ms="42456">
    <groups>
    </groups>
    <test started-at="2024-03-23T14:35:55 IST" name="ChromeDockerTest" finished-at="2024-03-23T14:36:25 IST" duration-ms="29727">
      <class name="Tests.LoginPageTests">
        <test-method is-config="true" signature="setUp(java.lang.String)[pri:0, instance:Tests.LoginPageTests@548d708a]" started-at="2024-03-23T14:35:55 IST" name="setUp" finished-at="2024-03-23T14:36:10 IST" duration-ms="14627" status="PASS">
          <params>
            <param index="0">
              <value>
                <![CDATA[chrome]]>
              </value>
            </param>
          </params>
          <reporter-output>
          </reporter-output>
        </test-method> <!-- setUp -->
        <test-method signature="invalidCredentials()[pri:0, instance:Tests.LoginPageTests@548d708a]" started-at="2024-03-23T14:36:10 IST" name="invalidCredentials" finished-at="2024-03-23T14:36:12 IST" duration-ms="2605" status="PASS">
          <reporter-output>
          </reporter-output>
        </test-method> <!-- invalidCredentials -->
        <test-method is-config="true" signature="closeBrowser()[pri:0, instance:Tests.LoginPageTests@548d708a]" started-at="2024-03-23T14:36:12 IST" name="closeBrowser" finished-at="2024-03-23T14:36:12 IST" duration-ms="303" status="PASS">
          <reporter-output>
          </reporter-output>
        </test-method> <!-- closeBrowser -->
        <test-method is-config="true" signature="setUp(java.lang.String)[pri:0, instance:Tests.LoginPageTests@548d708a]" started-at="2024-03-23T14:36:12 IST" name="setUp" finished-at="2024-03-23T14:36:18 IST" duration-ms="5808" status="PASS">
          <params>
            <param index="0">
              <value>
                <![CDATA[chrome]]>
              </value>
            </param>
          </params>
          <reporter-output>
          </reporter-output>
        </test-method> <!-- setUp -->
        <test-method signature="blankUsername()[pri:1, instance:Tests.LoginPageTests@548d708a]" started-at="2024-03-23T14:36:18 IST" name="blankUsername" finished-at="2024-03-23T14:36:19 IST" duration-ms="658" status="PASS">
          <reporter-output>
          </reporter-output>
        </test-method> <!-- blankUsername -->
        <test-method is-config="true" signature="closeBrowser()[pri:0, instance:Tests.LoginPageTests@548d708a]" started-at="2024-03-23T14:36:19 IST" name="closeBrowser" finished-at="2024-03-23T14:36:19 IST" duration-ms="94" status="PASS">
          <reporter-output>
          </reporter-output>
        </test-method> <!-- closeBrowser -->
        <test-method is-config="true" signature="setUp(java.lang.String)[pri:0, instance:Tests.LoginPageTests@548d708a]" started-at="2024-03-23T14:36:19 IST" name="setUp" finished-at="2024-03-23T14:36:22 IST" duration-ms="3225" status="PASS">
          <params>
            <param index="0">
              <value>
                <![CDATA[chrome]]>
              </value>
            </param>
          </params>
          <reporter-output>
          </reporter-output>
        </test-method> <!-- setUp -->
        <test-method signature="successfulLogin()[pri:2, instance:Tests.LoginPageTests@548d708a]" started-at="2024-03-23T14:36:22 IST" name="successfulLogin" finished-at="2024-03-23T14:36:24 IST" duration-ms="2172" status="PASS">
          <reporter-output>
          </reporter-output>
        </test-method> <!-- successfulLogin -->
        <test-method is-config="true" signature="closeBrowser()[pri:0, instance:Tests.LoginPageTests@548d708a]" started-at="2024-03-23T14:36:24 IST" name="closeBrowser" finished-at="2024-03-23T14:36:25 IST" duration-ms="98" status="PASS">
          <reporter-output>
          </reporter-output>
        </test-method> <!-- closeBrowser -->
      </class> <!-- Tests.LoginPageTests -->
    </test> <!-- ChromeDockerTest -->
    <test started-at="2024-03-23T14:35:55 IST" name="firefoxDockerTest" finished-at="2024-03-23T14:36:30 IST" duration-ms="35111">
      <class name="Tests.LoginPageTests">
        <test-method is-config="true" signature="setUp(java.lang.String)[pri:0, instance:Tests.LoginPageTests@4007f65e]" started-at="2024-03-23T14:35:55 IST" name="setUp" finished-at="2024-03-23T14:36:10 IST" duration-ms="15445" status="PASS">
          <params>
            <param index="0">
              <value>
                <![CDATA[firefox]]>
              </value>
            </param>
          </params>
          <reporter-output>
          </reporter-output>
        </test-method> <!-- setUp -->
        <test-method signature="invalidCredentials()[pri:0, instance:Tests.LoginPageTests@4007f65e]" started-at="2024-03-23T14:36:10 IST" name="invalidCredentials" finished-at="2024-03-23T14:36:13 IST" duration-ms="2248" status="PASS">
          <reporter-output>
          </reporter-output>
        </test-method> <!-- invalidCredentials -->
        <test-method is-config="true" signature="closeBrowser()[pri:0, instance:Tests.LoginPageTests@4007f65e]" started-at="2024-03-23T14:36:13 IST" name="closeBrowser" finished-at="2024-03-23T14:36:15 IST" duration-ms="1888" status="PASS">
          <reporter-output>
          </reporter-output>
        </test-method> <!-- closeBrowser -->
        <test-method is-config="true" signature="setUp(java.lang.String)[pri:0, instance:Tests.LoginPageTests@4007f65e]" started-at="2024-03-23T14:36:15 IST" name="setUp" finished-at="2024-03-23T14:36:20 IST" duration-ms="5211" status="PASS">
          <params>
            <param index="0">
              <value>
                <![CDATA[firefox]]>
              </value>
            </param>
          </params>
          <reporter-output>
          </reporter-output>
        </test-method> <!-- setUp -->
        <test-method signature="blankUsername()[pri:1, instance:Tests.LoginPageTests@4007f65e]" started-at="2024-03-23T14:36:20 IST" name="blankUsername" finished-at="2024-03-23T14:36:20 IST" duration-ms="726" status="PASS">
          <reporter-output>
          </reporter-output>
        </test-method> <!-- blankUsername -->
        <test-method is-config="true" signature="closeBrowser()[pri:0, instance:Tests.LoginPageTests@4007f65e]" started-at="2024-03-23T14:36:20 IST" name="closeBrowser" finished-at="2024-03-23T14:36:21 IST" duration-ms="693" status="PASS">
          <reporter-output>
          </reporter-output>
        </test-method> <!-- closeBrowser -->
        <test-method is-config="true" signature="setUp(java.lang.String)[pri:0, instance:Tests.LoginPageTests@4007f65e]" started-at="2024-03-23T14:36:21 IST" name="setUp" finished-at="2024-03-23T14:36:27 IST" duration-ms="5883" status="PASS">
          <params>
            <param index="0">
              <value>
                <![CDATA[firefox]]>
              </value>
            </param>
          </params>
          <reporter-output>
          </reporter-output>
        </test-method> <!-- setUp -->
        <test-method signature="successfulLogin()[pri:2, instance:Tests.LoginPageTests@4007f65e]" started-at="2024-03-23T14:36:27 IST" name="successfulLogin" finished-at="2024-03-23T14:36:29 IST" duration-ms="2093" status="PASS">
          <reporter-output>
          </reporter-output>
        </test-method> <!-- successfulLogin -->
        <test-method is-config="true" signature="closeBrowser()[pri:0, instance:Tests.LoginPageTests@4007f65e]" started-at="2024-03-23T14:36:29 IST" name="closeBrowser" finished-at="2024-03-23T14:36:30 IST" duration-ms="785" status="PASS">
          <reporter-output>
          </reporter-output>
        </test-method> <!-- closeBrowser -->
      </class> <!-- Tests.LoginPageTests -->
    </test> <!-- firefoxDockerTest -->
    <test started-at="2024-03-23T14:35:55 IST" name="EdgeDockerTest" finished-at="2024-03-23T14:36:37 IST" duration-ms="42456">
      <class name="Tests.LoginPageTests">
        <test-method is-config="true" signature="setUp(java.lang.String)[pri:0, instance:Tests.LoginPageTests@673fdbce]" started-at="2024-03-23T14:35:55 IST" name="setUp" finished-at="2024-03-23T14:36:09 IST" duration-ms="14435" status="PASS">
          <params>
            <param index="0">
              <value>
                <![CDATA[edge]]>
              </value>
            </param>
          </params>
          <reporter-output>
          </reporter-output>
        </test-method> <!-- setUp -->
        <test-method signature="invalidCredentials()[pri:0, instance:Tests.LoginPageTests@673fdbce]" started-at="2024-03-23T14:36:09 IST" name="invalidCredentials" finished-at="2024-03-23T14:36:12 IST" duration-ms="2183" status="PASS">
          <reporter-output>
          </reporter-output>
        </test-method> <!-- invalidCredentials -->
        <test-method is-config="true" signature="closeBrowser()[pri:0, instance:Tests.LoginPageTests@673fdbce]" started-at="2024-03-23T14:36:12 IST" name="closeBrowser" finished-at="2024-03-23T14:36:12 IST" duration-ms="194" status="PASS">
          <reporter-output>
          </reporter-output>
        </test-method> <!-- closeBrowser -->
        <test-method is-config="true" signature="setUp(java.lang.String)[pri:0, instance:Tests.LoginPageTests@673fdbce]" started-at="2024-03-23T14:36:12 IST" name="setUp" finished-at="2024-03-23T14:36:16 IST" duration-ms="4760" status="PASS">
          <params>
            <param index="0">
              <value>
                <![CDATA[edge]]>
              </value>
            </param>
          </params>
          <reporter-output>
          </reporter-output>
        </test-method> <!-- setUp -->
        <test-method signature="blankUsername()[pri:1, instance:Tests.LoginPageTests@673fdbce]" started-at="2024-03-23T14:36:16 IST" name="blankUsername" finished-at="2024-03-23T14:36:17 IST" duration-ms="849" status="PASS">
          <reporter-output>
          </reporter-output>
        </test-method> <!-- blankUsername -->
        <test-method is-config="true" signature="closeBrowser()[pri:0, instance:Tests.LoginPageTests@673fdbce]" started-at="2024-03-23T14:36:17 IST" name="closeBrowser" finished-at="2024-03-23T14:36:18 IST" duration-ms="186" status="PASS">
          <reporter-output>
          </reporter-output>
        </test-method> <!-- closeBrowser -->
        <test-method is-config="true" signature="setUp(java.lang.String)[pri:0, instance:Tests.LoginPageTests@673fdbce]" started-at="2024-03-23T14:36:18 IST" name="setUp" finished-at="2024-03-23T14:36:34 IST" duration-ms="16664" status="PASS">
          <params>
            <param index="0">
              <value>
                <![CDATA[edge]]>
              </value>
            </param>
          </params>
          <reporter-output>
          </reporter-output>
        </test-method> <!-- setUp -->
        <test-method signature="successfulLogin()[pri:2, instance:Tests.LoginPageTests@673fdbce]" started-at="2024-03-23T14:36:34 IST" name="successfulLogin" finished-at="2024-03-23T14:36:37 IST" duration-ms="2905" status="PASS">
          <reporter-output>
          </reporter-output>
        </test-method> <!-- successfulLogin -->
        <test-method is-config="true" signature="closeBrowser()[pri:0, instance:Tests.LoginPageTests@673fdbce]" started-at="2024-03-23T14:36:37 IST" name="closeBrowser" finished-at="2024-03-23T14:36:37 IST" duration-ms="138" status="PASS">
          <reporter-output>
          </reporter-output>
        </test-method> <!-- closeBrowser -->
      </class> <!-- Tests.LoginPageTests -->
    </test> <!-- EdgeDockerTest -->
  </suite> <!-- DockerLoginTest -->
</testng-results>
