<?xml version="1.0" encoding="UTF-8"?>
<!-- Generated by org.testng.reporters.JUnitXMLReporter -->
<testsuite ignored="0" hostname="Rahul" failures="0" tests="3" name="EdgeDockerTest" time="1.395" errors="0" timestamp="2024-03-23T14:34:23 IST">
  <testcase classname="Tests.LoginPageTests" name="invalidCredentials" time="0.0">
    <skipped/>
  </testcase> <!-- invalidCredentials -->
  <testcase classname="Tests.LoginPageTests" name="blankUsername" time="0.0">
    <skipped/>
  </testcase> <!-- blankUsername -->
  <testcase classname="Tests.LoginPageTests" name="successfulLogin" time="0.0">
    <skipped/>
  </testcase> <!-- successfulLogin -->
</testsuite> <!-- EdgeDockerTest -->
